2015-06-16 01:15:12,844 [DEBUG] django.db.backends.schema: CREATE TABLE "userprofile_userprofile" ("id" integer NOT NULL PRIMARY KEY AUTOINCREMENT, "likes_ashu" bool NOT NULL, "favourite_gamer" varchar(50) NOT NULL, "user_id" integer NOT NULL UNIQUE REFERENCES "auth_user" ("id")); (params None)
2015-06-16 01:25:30,255 [DEBUG] django.db.backends.schema: ALTER TABLE "userprofile_userprofile" RENAME TO "userprofile_userprofile__old"; (params [])
2015-06-16 01:25:30,257 [DEBUG] django.db.backends.schema: CREATE TABLE "userprofile_userprofile" ("id" integer NOT NULL PRIMARY KEY AUTOINCREMENT, "favourite_gamer" varchar(50) NOT NULL, "user_id" integer NOT NULL UNIQUE REFERENCES "auth_user" ("id"), "likes_ashu" bool NOT NULL); (params None)
2015-06-16 01:25:30,258 [DEBUG] django.db.backends.schema: INSERT INTO "userprofile_userprofile" ("id", "user_id", "likes_ashu", "favourite_gamer") SELECT "id", "user_id", "likes_ashu", "favourite_gamer" FROM "userprofile_userprofile__old"; (params [])
2015-06-16 01:25:30,258 [DEBUG] django.db.backends.schema: DROP TABLE "userprofile_userprofile__old"; (params [])
2015-06-20 01:52:18,208 [DEBUG] django.db.backends.schema: CREATE TABLE "article_article__new" ("id" integer NOT NULL PRIMARY KEY AUTOINCREMENT, "title" varchar(200) NOT NULL, "body" text NOT NULL, "pub_date" datetime NOT NULL, "likes" integer NOT NULL, "thumbnail" varchar(100) NOT NULL, "approved" bool NOT NULL); (params None)
2015-06-20 01:52:18,235 [DEBUG] django.db.backends.schema: INSERT INTO "article_article__new" ("title", "thumbnail", "likes", "approved", "pub_date", "id", "body") SELECT "title", "thumbnail", "likes", 0, "pub_date", "id", "body" FROM "article_article"; (params [])
2015-06-20 01:52:18,250 [DEBUG] django.db.backends.schema: DROP TABLE "article_article"; (params [])
2015-06-20 01:52:18,252 [DEBUG] django.db.backends.schema: ALTER TABLE "article_article__new" RENAME TO "article_article"; (params [])
2015-06-20 01:54:17,108 [DEBUG] django.db.backends.schema: CREATE TABLE "approvals_approval" ("id" integer NOT NULL PRIMARY KEY AUTOINCREMENT, "approved" bool NOT NULL, "article_id" integer NOT NULL); (params None)
2015-06-20 20:04:17,395 [DEBUG] django.db.backends.schema: CREATE TABLE "celery_taskmeta" ("id" integer NOT NULL PRIMARY KEY AUTOINCREMENT, "task_id" varchar(255) NOT NULL UNIQUE, "status" varchar(50) NOT NULL, "result" text NULL, "date_done" datetime NOT NULL, "traceback" text NULL, "hidden" bool NOT NULL, "meta" text NULL); (params None)
2015-06-20 20:04:17,445 [DEBUG] django.db.backends.schema: CREATE TABLE "celery_tasksetmeta" ("id" integer NOT NULL PRIMARY KEY AUTOINCREMENT, "taskset_id" varchar(255) NOT NULL UNIQUE, "result" text NOT NULL, "date_done" datetime NOT NULL, "hidden" bool NOT NULL); (params None)
2015-06-20 20:04:17,452 [DEBUG] django.db.backends.schema: CREATE TABLE "djcelery_intervalschedule" ("id" integer NOT NULL PRIMARY KEY AUTOINCREMENT, "every" integer NOT NULL, "period" varchar(24) NOT NULL); (params None)
2015-06-20 20:04:17,457 [DEBUG] django.db.backends.schema: CREATE TABLE "djcelery_crontabschedule" ("id" integer NOT NULL PRIMARY KEY AUTOINCREMENT, "minute" varchar(64) NOT NULL, "hour" varchar(64) NOT NULL, "day_of_week" varchar(64) NOT NULL, "day_of_month" varchar(64) NOT NULL, "month_of_year" varchar(64) NOT NULL); (params None)
2015-06-20 20:04:17,459 [DEBUG] django.db.backends.schema: CREATE TABLE "djcelery_periodictasks" ("ident" smallint NOT NULL PRIMARY KEY, "last_update" datetime NOT NULL); (params None)
2015-06-20 20:04:17,463 [DEBUG] django.db.backends.schema: CREATE TABLE "djcelery_periodictask" ("id" integer NOT NULL PRIMARY KEY AUTOINCREMENT, "name" varchar(200) NOT NULL UNIQUE, "task" varchar(200) NOT NULL, "interval_id" integer NULL REFERENCES "djcelery_intervalschedule" ("id"), "crontab_id" integer NULL REFERENCES "djcelery_crontabschedule" ("id"), "args" text NOT NULL, "kwargs" text NOT NULL, "queue" varchar(200) NULL, "exchange" varchar(200) NULL, "routing_key" varchar(200) NULL, "expires" datetime NULL, "enabled" bool NOT NULL, "last_run_at" datetime NULL, "total_run_count" integer unsigned NOT NULL, "date_changed" datetime NOT NULL, "description" text NOT NULL); (params None)
2015-06-20 20:04:17,468 [DEBUG] django.db.backends.schema: CREATE TABLE "djcelery_workerstate" ("id" integer NOT NULL PRIMARY KEY AUTOINCREMENT, "hostname" varchar(255) NOT NULL UNIQUE, "last_heartbeat" datetime NULL); (params None)
2015-06-20 20:04:17,472 [DEBUG] django.db.backends.schema: CREATE TABLE "djcelery_taskstate" ("id" integer NOT NULL PRIMARY KEY AUTOINCREMENT, "state" varchar(64) NOT NULL, "task_id" varchar(36) NOT NULL UNIQUE, "name" varchar(200) NULL, "tstamp" datetime NOT NULL, "args" text NULL, "kwargs" text NULL, "eta" datetime NULL, "expires" datetime NULL, "result" text NULL, "traceback" text NULL, "runtime" real NULL, "retries" integer NOT NULL, "worker_id" integer NULL REFERENCES "djcelery_workerstate" ("id"), "hidden" bool NOT NULL); (params None)
2015-06-20 20:04:18,308 [DEBUG] django.db.backends.schema: CREATE TABLE "celery_test_countermodel" ("id" integer NOT NULL PRIMARY KEY AUTOINCREMENT, "count" integer NOT NULL); (params None)
2015-06-20 20:13:58,173 [DEBUG] django.db.backends.schema: CREATE TABLE "djcelery_crontabschedule" ("id" integer NOT NULL PRIMARY KEY AUTOINCREMENT, "minute" varchar(64) NOT NULL, "hour" varchar(64) NOT NULL, "day_of_week" varchar(64) NOT NULL, "day_of_month" varchar(64) NOT NULL, "month_of_year" varchar(64) NOT NULL); (params None)
2015-06-21 10:53:23,562 [DEBUG] django.db.backends.schema: CREATE TABLE "notification_notification" ("id" integer NOT NULL PRIMARY KEY AUTOINCREMENT, "title" varchar(256) NOT NULL, "message" text NOT NULL, "viewed" bool NOT NULL, "user_id" integer NOT NULL REFERENCES "auth_user" ("id")); (params None)
2015-06-21 10:53:23,623 [DEBUG] django.db.backends.schema: CREATE INDEX "notification_notification_e8701ad4" ON "notification_notification" ("user_id"); (params [])
2015-06-21 11:40:57,057 [DEBUG] kuchv.views: kuchv
2015-06-21 11:40:57,058 [DEBUG] kuchv.views: coolashu625@gmail.com
2015-06-21 11:40:57,058 [DEBUG] kuchv.views: awesome man
2015-06-22 19:18:23,244 [DEBUG] kuchv.views: kuchv
2015-06-22 19:18:23,291 [DEBUG] kuchv.views: me@ashu.com
2015-06-22 19:18:23,292 [DEBUG] kuchv.views: awesome
2015-06-22 20:11:04,258 [DEBUG] kuchv.views: kuchv
2015-06-22 20:11:04,259 [DEBUG] kuchv.views: coolashu625@gmail.com
2015-06-22 20:11:04,259 [DEBUG] kuchv.views: awesome
2015-06-22 20:13:39,486 [DEBUG] kuchv.views: kuchv
2015-06-22 20:13:39,487 [DEBUG] kuchv.views: coolashu625@gmail.com
2015-06-22 20:13:39,487 [DEBUG] kuchv.views: awesome
2015-06-22 20:19:51,643 [DEBUG] kuchv.views: kuchv
2015-06-22 20:19:51,644 [DEBUG] kuchv.views: coolashu625@gmail.com
2015-06-22 20:19:51,645 [DEBUG] kuchv.views: awesome

2015-06-22 20:21:24,986 [DEBUG] kuchv.views: kuchv
2015-06-22 20:21:24,987 [DEBUG] kuchv.views: coolashu625@gmail.com
2015-06-22 20:21:24,988 [DEBUG] kuchv.views: awesome

2015-06-22 20:22:19,864 [DEBUG] kuchv.views: kuchv
2015-06-22 20:22:19,865 [DEBUG] kuchv.views: coolashu625@gmail.com
2015-06-22 20:22:19,866 [DEBUG] kuchv.views: awesome

2015-06-22 20:24:05,012 [DEBUG] kuchv.views: bhai
2015-06-22 20:24:05,014 [DEBUG] kuchv.views: billgates@ashu.com
2015-06-22 20:24:05,014 [DEBUG] kuchv.views: kya baat kya baat kya baat
